[2024-06-03T05:26:47.339+0000] {manager.py:470} INFO - Processing files using up to 2 processes at a time 
[2024-06-03T05:26:47.341+0000] {manager.py:471} INFO - Process each file at most once every 10 seconds
[2024-06-03T05:26:47.343+0000] {manager.py:472} INFO - Checking for new files in /opt/airflow/dags every 300 seconds
[2024-06-03T05:26:47.345+0000] {manager.py:737} INFO - Searching for files in /opt/airflow/dags
[2024-06-03T05:26:47.348+0000] {manager.py:740} INFO - There are 1 files in /opt/airflow/dags
[2024-06-03T05:26:47.425+0000] {manager.py:878} INFO - 
================================================================================
DAG File Processing Stats

File Path                          PID  Runtime      # DAGs    # Errors  Last Runtime    Last Run
-------------------------------  -----  ---------  --------  ----------  --------------  ----------
/opt/airflow/dags/twitch_dag.py    150  0.04s             0           0
================================================================================
[2024-06-03T05:27:17.750+0000] {manager.py:878} INFO - 
================================================================================
DAG File Processing Stats

File Path                        PID    Runtime      # DAGs    # Errors  Last Runtime    Last Run
-------------------------------  -----  ---------  --------  ----------  --------------  -------------------
/opt/airflow/dags/twitch_dag.py                           0           1  0.08s           2024-06-03T05:27:07
================================================================================
[2024-06-03T05:27:48.168+0000] {manager.py:878} INFO - 
================================================================================
DAG File Processing Stats

File Path                        PID    Runtime      # DAGs    # Errors  Last Runtime    Last Run
-------------------------------  -----  ---------  --------  ----------  --------------  -------------------
/opt/airflow/dags/twitch_dag.py                           0           1  0.09s           2024-06-03T05:27:38
================================================================================
[2024-06-03T05:28:18.540+0000] {manager.py:878} INFO - 
================================================================================
DAG File Processing Stats

File Path                        PID    Runtime      # DAGs    # Errors  Last Runtime    Last Run
-------------------------------  -----  ---------  --------  ----------  --------------  -------------------
/opt/airflow/dags/twitch_dag.py                           0           1  0.15s           2024-06-03T05:28:08
================================================================================
[2024-06-03T05:28:48.989+0000] {manager.py:878} INFO - 
================================================================================
DAG File Processing Stats

File Path                        PID    Runtime      # DAGs    # Errors  Last Runtime    Last Run
-------------------------------  -----  ---------  --------  ----------  --------------  -------------------
/opt/airflow/dags/twitch_dag.py                           0           1  0.08s           2024-06-03T05:28:39
================================================================================
[2024-06-03T05:29:19.381+0000] {manager.py:878} INFO - 
================================================================================
DAG File Processing Stats

File Path                        PID    Runtime      # DAGs    # Errors  Last Runtime    Last Run
-------------------------------  -----  ---------  --------  ----------  --------------  -------------------
/opt/airflow/dags/twitch_dag.py                           0           1  0.09s           2024-06-03T05:29:09
================================================================================
[2024-06-03T05:29:49.765+0000] {manager.py:878} INFO - 
================================================================================
DAG File Processing Stats

File Path                        PID    Runtime      # DAGs    # Errors  Last Runtime    Last Run
-------------------------------  -----  ---------  --------  ----------  --------------  -------------------
/opt/airflow/dags/twitch_dag.py                           0           1  0.10s           2024-06-03T05:29:39
================================================================================
[2024-06-03T05:30:20.162+0000] {manager.py:878} INFO - 
================================================================================
DAG File Processing Stats

File Path                        PID    Runtime      # DAGs    # Errors  Last Runtime    Last Run
-------------------------------  -----  ---------  --------  ----------  --------------  -------------------
/opt/airflow/dags/twitch_dag.py                           0           1  0.08s           2024-06-03T05:30:10
================================================================================
[2024-06-03T05:30:50.542+0000] {manager.py:878} INFO - 
================================================================================
DAG File Processing Stats

File Path                        PID    Runtime      # DAGs    # Errors  Last Runtime    Last Run
-------------------------------  -----  ---------  --------  ----------  --------------  -------------------
/opt/airflow/dags/twitch_dag.py                           0           1  0.08s           2024-06-03T05:30:40
================================================================================
[2024-06-03T05:31:20.910+0000] {manager.py:878} INFO - 
================================================================================
DAG File Processing Stats

File Path                        PID    Runtime      # DAGs    # Errors  Last Runtime    Last Run
-------------------------------  -----  ---------  --------  ----------  --------------  -------------------
/opt/airflow/dags/twitch_dag.py                           0           1  0.08s           2024-06-03T05:31:10
================================================================================
[2024-06-03T05:31:47.354+0000] {manager.py:737} INFO - Searching for files in /opt/airflow/dags
[2024-06-03T05:31:47.357+0000] {manager.py:740} INFO - There are 1 files in /opt/airflow/dags
[2024-06-03T05:31:51.299+0000] {manager.py:878} INFO - 
================================================================================
DAG File Processing Stats

File Path                        PID    Runtime      # DAGs    # Errors  Last Runtime    Last Run
-------------------------------  -----  ---------  --------  ----------  --------------  -------------------
/opt/airflow/dags/twitch_dag.py                           0           1  0.08s           2024-06-03T05:31:41
================================================================================
[2024-06-03T05:32:21.701+0000] {manager.py:878} INFO - 
================================================================================
DAG File Processing Stats

File Path                        PID    Runtime      # DAGs    # Errors  Last Runtime    Last Run
-------------------------------  -----  ---------  --------  ----------  --------------  -------------------
/opt/airflow/dags/twitch_dag.py                           0           1  0.12s           2024-06-03T05:32:11
================================================================================
[2024-06-03T05:32:52.148+0000] {manager.py:878} INFO - 
================================================================================
DAG File Processing Stats

File Path                        PID    Runtime      # DAGs    # Errors  Last Runtime    Last Run
-------------------------------  -----  ---------  --------  ----------  --------------  -------------------
/opt/airflow/dags/twitch_dag.py                           0           1  0.09s           2024-06-03T05:32:42
================================================================================
[2024-06-03T05:33:13.615+0000] {manager.py:452} INFO - Exiting gracefully upon receiving signal 15
[2024-06-03T05:34:32.203+0000] {manager.py:470} INFO - Processing files using up to 2 processes at a time 
[2024-06-03T05:34:32.204+0000] {manager.py:471} INFO - Process each file at most once every 10 seconds
[2024-06-03T05:34:32.206+0000] {manager.py:472} INFO - Checking for new files in /opt/airflow/dags every 300 seconds
[2024-06-03T05:34:32.208+0000] {manager.py:737} INFO - Searching for files in /opt/airflow/dags
[2024-06-03T05:34:32.211+0000] {manager.py:740} INFO - There are 1 files in /opt/airflow/dags
[2024-06-03T05:34:32.290+0000] {manager.py:878} INFO - 
================================================================================
DAG File Processing Stats

File Path                          PID  Runtime      # DAGs    # Errors  Last Runtime    Last Run
-------------------------------  -----  ---------  --------  ----------  --------------  ----------
/opt/airflow/dags/twitch_dag.py    150  0.05s             0           0
================================================================================
[2024-06-03T05:34:33.755+0000] {manager.py:1016} ERROR - Processor for /opt/airflow/dags/twitch_dag.py exited with return code 1.
[2024-06-03T05:35:02.467+0000] {manager.py:878} INFO - 
================================================================================
DAG File Processing Stats

File Path                        PID    Runtime      # DAGs    # Errors  Last Runtime    Last Run
-------------------------------  -----  ---------  --------  ----------  --------------  -------------------
/opt/airflow/dags/twitch_dag.py                           1           0  0.62s           2024-06-03T05:34:55
================================================================================
[2024-06-03T05:35:32.891+0000] {manager.py:878} INFO - 
================================================================================
DAG File Processing Stats

File Path                        PID    Runtime      # DAGs    # Errors  Last Runtime    Last Run
-------------------------------  -----  ---------  --------  ----------  --------------  -------------------
/opt/airflow/dags/twitch_dag.py                           1           0  0.53s           2024-06-03T05:35:27
================================================================================
[2024-06-03T05:36:03.115+0000] {manager.py:878} INFO - 
================================================================================
DAG File Processing Stats

File Path                        PID    Runtime      # DAGs    # Errors  Last Runtime    Last Run
-------------------------------  -----  ---------  --------  ----------  --------------  -------------------
/opt/airflow/dags/twitch_dag.py                           1           0  0.73s           2024-06-03T05:35:59
================================================================================
[2024-06-03T05:36:33.126+0000] {manager.py:878} INFO - 
================================================================================
DAG File Processing Stats

File Path                        PID    Runtime      # DAGs    # Errors  Last Runtime    Last Run
-------------------------------  -----  ---------  --------  ----------  --------------  -------------------
/opt/airflow/dags/twitch_dag.py                           1           0  0.92s           2024-06-03T05:36:32
================================================================================
[2024-06-03T05:37:03.620+0000] {manager.py:878} INFO - 
================================================================================
DAG File Processing Stats

File Path                          PID  Runtime      # DAGs    # Errors  Last Runtime    Last Run
-------------------------------  -----  ---------  --------  ----------  --------------  -------------------
/opt/airflow/dags/twitch_dag.py    318  0.00s             1           0  0.69s           2024-06-03T05:36:53
================================================================================
[2024-06-03T05:37:34.262+0000] {manager.py:878} INFO - 
================================================================================
DAG File Processing Stats

File Path                        PID    Runtime      # DAGs    # Errors  Last Runtime    Last Run
-------------------------------  -----  ---------  --------  ----------  --------------  -------------------
/opt/airflow/dags/twitch_dag.py                           1           0  0.45s           2024-06-03T05:37:25
================================================================================
[2024-06-03T05:38:04.531+0000] {manager.py:878} INFO - 
================================================================================
DAG File Processing Stats

File Path                        PID    Runtime      # DAGs    # Errors  Last Runtime    Last Run
-------------------------------  -----  ---------  --------  ----------  --------------  -------------------
/opt/airflow/dags/twitch_dag.py                           1           0  0.51s           2024-06-03T05:37:57
================================================================================
[2024-06-03T05:38:34.753+0000] {manager.py:878} INFO - 
================================================================================
DAG File Processing Stats

File Path                        PID    Runtime      # DAGs    # Errors  Last Runtime    Last Run
-------------------------------  -----  ---------  --------  ----------  --------------  -------------------
/opt/airflow/dags/twitch_dag.py                           1           0  0.65s           2024-06-03T05:38:28
================================================================================
[2024-06-03T05:39:05.007+0000] {manager.py:878} INFO - 
================================================================================
DAG File Processing Stats

File Path                        PID    Runtime      # DAGs    # Errors  Last Runtime    Last Run
-------------------------------  -----  ---------  --------  ----------  --------------  -------------------
/opt/airflow/dags/twitch_dag.py                           1           0  0.53s           2024-06-03T05:39:01
================================================================================
[2024-06-03T05:39:32.214+0000] {manager.py:737} INFO - Searching for files in /opt/airflow/dags
[2024-06-03T05:39:32.218+0000] {manager.py:740} INFO - There are 1 files in /opt/airflow/dags
[2024-06-03T05:39:35.333+0000] {manager.py:878} INFO - 
================================================================================
DAG File Processing Stats

File Path                        PID    Runtime      # DAGs    # Errors  Last Runtime    Last Run
-------------------------------  -----  ---------  --------  ----------  --------------  -------------------
/opt/airflow/dags/twitch_dag.py                           1           0  0.53s           2024-06-03T05:39:32
================================================================================
[2024-06-03T05:40:05.548+0000] {manager.py:878} INFO - 
================================================================================
DAG File Processing Stats

File Path                        PID    Runtime      # DAGs    # Errors  Last Runtime    Last Run
-------------------------------  -----  ---------  --------  ----------  --------------  -------------------
/opt/airflow/dags/twitch_dag.py                           1           0  0.56s           2024-06-03T05:40:04
================================================================================
[2024-06-03T05:40:35.800+0000] {manager.py:878} INFO - 
================================================================================
DAG File Processing Stats

File Path                        PID    Runtime      # DAGs    # Errors  Last Runtime    Last Run
-------------------------------  -----  ---------  --------  ----------  --------------  -------------------
/opt/airflow/dags/twitch_dag.py                           1           0  0.53s           2024-06-03T05:40:25
================================================================================
[2024-06-03T05:41:05.841+0000] {manager.py:878} INFO - 
================================================================================
DAG File Processing Stats

File Path                        PID    Runtime      # DAGs    # Errors  Last Runtime    Last Run
-------------------------------  -----  ---------  --------  ----------  --------------  -------------------
/opt/airflow/dags/twitch_dag.py                           1           0  0.59s           2024-06-03T05:40:57
================================================================================
[2024-06-03T05:41:35.946+0000] {manager.py:878} INFO - 
================================================================================
DAG File Processing Stats

File Path                        PID    Runtime      # DAGs    # Errors  Last Runtime    Last Run
-------------------------------  -----  ---------  --------  ----------  --------------  -------------------
/opt/airflow/dags/twitch_dag.py                           1           0  0.56s           2024-06-03T05:41:29
================================================================================
[2024-06-03T05:42:06.308+0000] {manager.py:878} INFO - 
================================================================================
DAG File Processing Stats

File Path                        PID    Runtime      # DAGs    # Errors  Last Runtime    Last Run
-------------------------------  -----  ---------  --------  ----------  --------------  -------------------
/opt/airflow/dags/twitch_dag.py                           1           0  0.57s           2024-06-03T05:42:01
================================================================================
[2024-06-03T05:42:36.586+0000] {manager.py:878} INFO - 
================================================================================
DAG File Processing Stats

File Path                        PID    Runtime      # DAGs    # Errors  Last Runtime    Last Run
-------------------------------  -----  ---------  --------  ----------  --------------  -------------------
/opt/airflow/dags/twitch_dag.py                           1           0  0.53s           2024-06-03T05:42:33
================================================================================
[2024-06-03T05:43:06.895+0000] {manager.py:878} INFO - 
================================================================================
DAG File Processing Stats

File Path                        PID    Runtime      # DAGs    # Errors  Last Runtime    Last Run
-------------------------------  -----  ---------  --------  ----------  --------------  -------------------
/opt/airflow/dags/twitch_dag.py                           1           0  0.50s           2024-06-03T05:43:05
================================================================================
[2024-06-03T05:43:37.050+0000] {manager.py:878} INFO - 
================================================================================
DAG File Processing Stats

File Path                        PID    Runtime      # DAGs    # Errors  Last Runtime    Last Run
-------------------------------  -----  ---------  --------  ----------  --------------  -------------------
/opt/airflow/dags/twitch_dag.py                           1           0  0.47s           2024-06-03T05:43:37
================================================================================
[2024-06-03T05:44:07.381+0000] {manager.py:878} INFO - 
================================================================================
DAG File Processing Stats

File Path                        PID    Runtime      # DAGs    # Errors  Last Runtime    Last Run
-------------------------------  -----  ---------  --------  ----------  --------------  -------------------
/opt/airflow/dags/twitch_dag.py                           1           0  0.66s           2024-06-03T05:43:58
================================================================================
[2024-06-03T05:44:32.599+0000] {manager.py:737} INFO - Searching for files in /opt/airflow/dags
[2024-06-03T05:44:32.605+0000] {manager.py:740} INFO - There are 1 files in /opt/airflow/dags
[2024-06-03T05:44:37.646+0000] {manager.py:878} INFO - 
================================================================================
DAG File Processing Stats

File Path                        PID    Runtime      # DAGs    # Errors  Last Runtime    Last Run
-------------------------------  -----  ---------  --------  ----------  --------------  -------------------
/opt/airflow/dags/twitch_dag.py                           1           0  1.02s           2024-06-03T05:44:30
================================================================================
[2024-06-03T05:44:38.149+0000] {manager.py:452} INFO - Exiting gracefully upon receiving signal 15
[2024-06-03T05:45:01.827+0000] {manager.py:470} INFO - Processing files using up to 2 processes at a time 
[2024-06-03T05:45:01.829+0000] {manager.py:471} INFO - Process each file at most once every 10 seconds
[2024-06-03T05:45:01.831+0000] {manager.py:472} INFO - Checking for new files in /opt/airflow/dags every 300 seconds
[2024-06-03T05:45:01.833+0000] {manager.py:737} INFO - Searching for files in /opt/airflow/dags
[2024-06-03T05:45:01.837+0000] {manager.py:740} INFO - There are 1 files in /opt/airflow/dags
[2024-06-03T05:45:01.914+0000] {manager.py:878} INFO - 
================================================================================
DAG File Processing Stats

File Path                          PID  Runtime      # DAGs    # Errors  Last Runtime    Last Run
-------------------------------  -----  ---------  --------  ----------  --------------  ----------
/opt/airflow/dags/twitch_dag.py    150  0.03s             0           0
================================================================================
[2024-06-03T05:45:32.059+0000] {manager.py:878} INFO - 
================================================================================
DAG File Processing Stats

File Path                        PID    Runtime      # DAGs    # Errors  Last Runtime    Last Run
-------------------------------  -----  ---------  --------  ----------  --------------  -------------------
/opt/airflow/dags/twitch_dag.py                           1           0  0.71s           2024-06-03T05:45:24
================================================================================
[2024-06-03T05:46:02.208+0000] {manager.py:878} INFO - 
================================================================================
DAG File Processing Stats

File Path                        PID    Runtime      # DAGs    # Errors  Last Runtime    Last Run
-------------------------------  -----  ---------  --------  ----------  --------------  -------------------
/opt/airflow/dags/twitch_dag.py                           1           0  0.55s           2024-06-03T05:45:56
================================================================================
[2024-06-03T05:46:32.308+0000] {manager.py:878} INFO - 
================================================================================
DAG File Processing Stats

File Path                        PID    Runtime      # DAGs    # Errors  Last Runtime    Last Run
-------------------------------  -----  ---------  --------  ----------  --------------  -------------------
/opt/airflow/dags/twitch_dag.py                           1           0  0.63s           2024-06-03T05:46:28
================================================================================
[2024-06-03T05:46:46.686+0000] {manager.py:452} INFO - Exiting gracefully upon receiving signal 15
